Analysis & Synthesis report for FPGA-Servo
Mon Jun 10 19:32:45 2019
Quartus Prime Version 18.1.0 Build 625 09/12/2018 SJ Lite Edition


---------------------
; Table of Contents ;
---------------------
  1. Legal Notice
  2. Analysis & Synthesis Summary
  3. Analysis & Synthesis Settings
  4. Parallel Compilation
  5. Analysis & Synthesis Source Files Read
  6. Analysis & Synthesis Resource Usage Summary
  7. Analysis & Synthesis Resource Utilization by Entity
  8. State Machine - |main|UART_Rx:UART_RX|state
  9. State Machine - |main|UART_Tx:UART_TX|state
 10. User-Specified and Inferred Latches
 11. Registers Removed During Synthesis
 12. General Register Statistics
 13. Multiplexer Restructuring Statistics (No Restructuring Performed)
 14. Parameter Settings for User Entity Instance: UART_Tx:UART_TX
 15. Parameter Settings for User Entity Instance: UART_Rx:UART_RX
 16. Parameter Settings for User Entity Instance: PWM:PWM
 17. Parameter Settings for Inferred Entity Instance: PWM:PWM|lpm_mult:Mult0
 18. lpm_mult Parameter Settings by Entity Instance
 19. Port Connectivity Checks: "PWM:PWM"
 20. Port Connectivity Checks: "UART_Rx:UART_RX"
 21. Port Connectivity Checks: "UART_Tx:UART_TX"
 22. Post-Synthesis Netlist Statistics for Top Partition
 23. Elapsed Time Per Partition
 24. Analysis & Synthesis Messages



----------------
; Legal Notice ;
----------------
Copyright (C) 2018  Intel Corporation. All rights reserved.
Your use of Intel Corporation's design tools, logic functions 
and other software and tools, and its AMPP partner logic 
functions, and any output files from any of the foregoing 
(including device programming or simulation files), and any 
associated documentation or information are expressly subject 
to the terms and conditions of the Intel Program License 
Subscription Agreement, the Intel Quartus Prime License Agreement,
the Intel FPGA IP License Agreement, or other applicable license
agreement, including, without limitation, that your use is for
the sole purpose of programming logic devices manufactured by
Intel and sold by Intel or its authorized distributors.  Please
refer to the applicable agreement for further details.



+----------------------------------------------------------------------------------+
; Analysis & Synthesis Summary                                                     ;
+------------------------------------+---------------------------------------------+
; Analysis & Synthesis Status        ; Successful - Mon Jun 10 19:32:45 2019       ;
; Quartus Prime Version              ; 18.1.0 Build 625 09/12/2018 SJ Lite Edition ;
; Revision Name                      ; FPGA-Servo                                  ;
; Top-level Entity Name              ; main                                        ;
; Family                             ; MAX 10                                      ;
; Total logic elements               ; 310                                         ;
;     Total combinational functions  ; 308                                         ;
;     Dedicated logic registers      ; 95                                          ;
; Total registers                    ; 95                                          ;
; Total pins                         ; 48                                          ;
; Total virtual pins                 ; 0                                           ;
; Total memory bits                  ; 0                                           ;
; Embedded Multiplier 9-bit elements ; 0                                           ;
; Total PLLs                         ; 0                                           ;
; UFM blocks                         ; 0                                           ;
; ADC blocks                         ; 0                                           ;
+------------------------------------+---------------------------------------------+


+------------------------------------------------------------------------------------------------------------+
; Analysis & Synthesis Settings                                                                              ;
+------------------------------------------------------------------+--------------------+--------------------+
; Option                                                           ; Setting            ; Default Value      ;
+------------------------------------------------------------------+--------------------+--------------------+
; Device                                                           ; 10M50DAF484C7G     ;                    ;
; Top-level entity name                                            ; main               ; FPGA-Servo         ;
; Family name                                                      ; MAX 10             ; Cyclone V          ;
; Restructure Multiplexers                                         ; Off                ; Auto               ;
; Use smart compilation                                            ; Off                ; Off                ;
; Enable parallel Assembler and Timing Analyzer during compilation ; On                 ; On                 ;
; Enable compact report table                                      ; Off                ; Off                ;
; Create Debugging Nodes for IP Cores                              ; Off                ; Off                ;
; Preserve fewer node names                                        ; On                 ; On                 ;
; Intel FPGA IP Evaluation Mode                                    ; Enable             ; Enable             ;
; Verilog Version                                                  ; Verilog_2001       ; Verilog_2001       ;
; VHDL Version                                                     ; VHDL_1993          ; VHDL_1993          ;
; State Machine Processing                                         ; Auto               ; Auto               ;
; Safe State Machine                                               ; Off                ; Off                ;
; Extract Verilog State Machines                                   ; On                 ; On                 ;
; Extract VHDL State Machines                                      ; On                 ; On                 ;
; Ignore Verilog initial constructs                                ; Off                ; Off                ;
; Iteration limit for constant Verilog loops                       ; 5000               ; 5000               ;
; Iteration limit for non-constant Verilog loops                   ; 250                ; 250                ;
; Add Pass-Through Logic to Inferred RAMs                          ; On                 ; On                 ;
; Infer RAMs from Raw Logic                                        ; On                 ; On                 ;
; Parallel Synthesis                                               ; On                 ; On                 ;
; DSP Block Balancing                                              ; Auto               ; Auto               ;
; NOT Gate Push-Back                                               ; On                 ; On                 ;
; Power-Up Don't Care                                              ; On                 ; On                 ;
; Remove Redundant Logic Cells                                     ; Off                ; Off                ;
; Remove Duplicate Registers                                       ; On                 ; On                 ;
; Ignore CARRY Buffers                                             ; Off                ; Off                ;
; Ignore CASCADE Buffers                                           ; Off                ; Off                ;
; Ignore GLOBAL Buffers                                            ; Off                ; Off                ;
; Ignore ROW GLOBAL Buffers                                        ; Off                ; Off                ;
; Ignore LCELL Buffers                                             ; Off                ; Off                ;
; Ignore SOFT Buffers                                              ; On                 ; On                 ;
; Limit AHDL Integers to 32 Bits                                   ; Off                ; Off                ;
; Optimization Technique                                           ; Balanced           ; Balanced           ;
; Carry Chain Length                                               ; 70                 ; 70                 ;
; Auto Carry Chains                                                ; On                 ; On                 ;
; Auto Open-Drain Pins                                             ; On                 ; On                 ;
; Perform WYSIWYG Primitive Resynthesis                            ; Off                ; Off                ;
; Auto ROM Replacement                                             ; On                 ; On                 ;
; Auto RAM Replacement                                             ; On                 ; On                 ;
; Auto DSP Block Replacement                                       ; On                 ; On                 ;
; Auto Shift Register Replacement                                  ; Auto               ; Auto               ;
; Allow Shift Register Merging across Hierarchies                  ; Auto               ; Auto               ;
; Auto Clock Enable Replacement                                    ; On                 ; On                 ;
; Strict RAM Replacement                                           ; Off                ; Off                ;
; Allow Synchronous Control Signals                                ; On                 ; On                 ;
; Force Use of Synchronous Clear Signals                           ; Off                ; Off                ;
; Auto RAM Block Balancing                                         ; On                 ; On                 ;
; Auto RAM to Logic Cell Conversion                                ; Off                ; Off                ;
; Auto Resource Sharing                                            ; Off                ; Off                ;
; Allow Any RAM Size For Recognition                               ; Off                ; Off                ;
; Allow Any ROM Size For Recognition                               ; Off                ; Off                ;
; Allow Any Shift Register Size For Recognition                    ; Off                ; Off                ;
; Use LogicLock Constraints during Resource Balancing              ; On                 ; On                 ;
; Ignore translate_off and synthesis_off directives                ; Off                ; Off                ;
; Timing-Driven Synthesis                                          ; On                 ; On                 ;
; Report Parameter Settings                                        ; On                 ; On                 ;
; Report Source Assignments                                        ; On                 ; On                 ;
; Report Connectivity Checks                                       ; On                 ; On                 ;
; Ignore Maximum Fan-Out Assignments                               ; Off                ; Off                ;
; Synchronization Register Chain Length                            ; 2                  ; 2                  ;
; Power Optimization During Synthesis                              ; Normal compilation ; Normal compilation ;
; HDL message level                                                ; Level2             ; Level2             ;
; Suppress Register Optimization Related Messages                  ; Off                ; Off                ;
; Number of Removed Registers Reported in Synthesis Report         ; 5000               ; 5000               ;
; Number of Swept Nodes Reported in Synthesis Report               ; 5000               ; 5000               ;
; Number of Inverted Registers Reported in Synthesis Report        ; 100                ; 100                ;
; Clock MUX Protection                                             ; On                 ; On                 ;
; Auto Gated Clock Conversion                                      ; Off                ; Off                ;
; Block Design Naming                                              ; Auto               ; Auto               ;
; SDC constraint protection                                        ; Off                ; Off                ;
; Synthesis Effort                                                 ; Auto               ; Auto               ;
; Shift Register Replacement - Allow Asynchronous Clear Signal     ; On                 ; On                 ;
; Pre-Mapping Resynthesis Optimization                             ; Off                ; Off                ;
; Analysis & Synthesis Message Level                               ; Medium             ; Medium             ;
; Disable Register Merging Across Hierarchies                      ; Auto               ; Auto               ;
; Resource Aware Inference For Block RAM                           ; On                 ; On                 ;
+------------------------------------------------------------------+--------------------+--------------------+


+------------------------------------------+
; Parallel Compilation                     ;
+----------------------------+-------------+
; Processors                 ; Number      ;
+----------------------------+-------------+
; Number detected on machine ; 2           ;
; Maximum allowed            ; 2           ;
;                            ;             ;
; Average used               ; 1.00        ;
; Maximum used               ; 2           ;
;                            ;             ;
; Usage by Processor         ; % Time Used ;
;     Processor 1            ; 100.0%      ;
;     Processor 2            ;   0.0%      ;
+----------------------------+-------------+


+------------------------------------------------------------------------------------------------------------------------------------------------------------------------------+
; Analysis & Synthesis Source Files Read                                                                                                                                       ;
+----------------------------------+-----------------+------------------------------+--------------------------------------------------------------------------------+---------+
; File Name with User-Entered Path ; Used in Netlist ; File Type                    ; File Name with Absolute Path                                                   ; Library ;
+----------------------------------+-----------------+------------------------------+--------------------------------------------------------------------------------+---------+
; src/pwm.vhd                      ; yes             ; User VHDL File               ; C:/Users/vm/Desktop/FPGA-Servo/src/pwm.vhd                                     ;         ;
; src/main.vhd                     ; yes             ; User VHDL File               ; C:/Users/vm/Desktop/FPGA-Servo/src/main.vhd                                    ;         ;
; src/uart_tx.vhd                  ; yes             ; User VHDL File               ; C:/Users/vm/Desktop/FPGA-Servo/src/uart_tx.vhd                                 ;         ;
; src/uart_rx.vhd                  ; yes             ; User VHDL File               ; C:/Users/vm/Desktop/FPGA-Servo/src/uart_rx.vhd                                 ;         ;
; src/seven_seg.vhd                ; yes             ; User VHDL File               ; C:/Users/vm/Desktop/FPGA-Servo/src/seven_seg.vhd                               ;         ;
; lpm_mult.tdf                     ; yes             ; Megafunction                 ; c:/intelfpga_lite/18.1/quartus/libraries/megafunctions/lpm_mult.tdf            ;         ;
; aglobal181.inc                   ; yes             ; Megafunction                 ; c:/intelfpga_lite/18.1/quartus/libraries/megafunctions/aglobal181.inc          ;         ;
; lpm_add_sub.inc                  ; yes             ; Megafunction                 ; c:/intelfpga_lite/18.1/quartus/libraries/megafunctions/lpm_add_sub.inc         ;         ;
; multcore.inc                     ; yes             ; Megafunction                 ; c:/intelfpga_lite/18.1/quartus/libraries/megafunctions/multcore.inc            ;         ;
; bypassff.inc                     ; yes             ; Megafunction                 ; c:/intelfpga_lite/18.1/quartus/libraries/megafunctions/bypassff.inc            ;         ;
; altshift.inc                     ; yes             ; Megafunction                 ; c:/intelfpga_lite/18.1/quartus/libraries/megafunctions/altshift.inc            ;         ;
; multcore.tdf                     ; yes             ; Megafunction                 ; c:/intelfpga_lite/18.1/quartus/libraries/megafunctions/multcore.tdf            ;         ;
; csa_add.inc                      ; yes             ; Megafunction                 ; c:/intelfpga_lite/18.1/quartus/libraries/megafunctions/csa_add.inc             ;         ;
; mpar_add.inc                     ; yes             ; Megafunction                 ; c:/intelfpga_lite/18.1/quartus/libraries/megafunctions/mpar_add.inc            ;         ;
; muleabz.inc                      ; yes             ; Megafunction                 ; c:/intelfpga_lite/18.1/quartus/libraries/megafunctions/muleabz.inc             ;         ;
; mul_lfrg.inc                     ; yes             ; Megafunction                 ; c:/intelfpga_lite/18.1/quartus/libraries/megafunctions/mul_lfrg.inc            ;         ;
; mul_boothc.inc                   ; yes             ; Megafunction                 ; c:/intelfpga_lite/18.1/quartus/libraries/megafunctions/mul_boothc.inc          ;         ;
; alt_ded_mult.inc                 ; yes             ; Megafunction                 ; c:/intelfpga_lite/18.1/quartus/libraries/megafunctions/alt_ded_mult.inc        ;         ;
; alt_ded_mult_y.inc               ; yes             ; Megafunction                 ; c:/intelfpga_lite/18.1/quartus/libraries/megafunctions/alt_ded_mult_y.inc      ;         ;
; dffpipe.inc                      ; yes             ; Megafunction                 ; c:/intelfpga_lite/18.1/quartus/libraries/megafunctions/dffpipe.inc             ;         ;
; mpar_add.tdf                     ; yes             ; Megafunction                 ; c:/intelfpga_lite/18.1/quartus/libraries/megafunctions/mpar_add.tdf            ;         ;
; lpm_add_sub.tdf                  ; yes             ; Megafunction                 ; c:/intelfpga_lite/18.1/quartus/libraries/megafunctions/lpm_add_sub.tdf         ;         ;
; addcore.inc                      ; yes             ; Megafunction                 ; c:/intelfpga_lite/18.1/quartus/libraries/megafunctions/addcore.inc             ;         ;
; look_add.inc                     ; yes             ; Megafunction                 ; c:/intelfpga_lite/18.1/quartus/libraries/megafunctions/look_add.inc            ;         ;
; alt_stratix_add_sub.inc          ; yes             ; Megafunction                 ; c:/intelfpga_lite/18.1/quartus/libraries/megafunctions/alt_stratix_add_sub.inc ;         ;
; db/add_sub_erg.tdf               ; yes             ; Auto-Generated Megafunction  ; C:/Users/vm/Desktop/FPGA-Servo/db/add_sub_erg.tdf                              ;         ;
; altshift.tdf                     ; yes             ; Megafunction                 ; c:/intelfpga_lite/18.1/quartus/libraries/megafunctions/altshift.tdf            ;         ;
+----------------------------------+-----------------+------------------------------+--------------------------------------------------------------------------------+---------+


+-------------------------------------------------------------------+
; Analysis & Synthesis Resource Usage Summary                       ;
+---------------------------------------------+---------------------+
; Resource                                    ; Usage               ;
+---------------------------------------------+---------------------+
; Estimated Total logic elements              ; 310                 ;
;                                             ;                     ;
; Total combinational functions               ; 308                 ;
; Logic element usage by number of LUT inputs ;                     ;
;     -- 4 input functions                    ; 108                 ;
;     -- 3 input functions                    ; 83                  ;
;     -- <=2 input functions                  ; 117                 ;
;                                             ;                     ;
; Logic elements by mode                      ;                     ;
;     -- normal mode                          ; 183                 ;
;     -- arithmetic mode                      ; 125                 ;
;                                             ;                     ;
; Total registers                             ; 95                  ;
;     -- Dedicated logic registers            ; 95                  ;
;     -- I/O registers                        ; 0                   ;
;                                             ;                     ;
; I/O pins                                    ; 48                  ;
;                                             ;                     ;
; Embedded Multiplier 9-bit elements          ; 0                   ;
;                                             ;                     ;
; Maximum fan-out node                        ; MAX10_CLK1_50~input ;
; Maximum fan-out                             ; 95                  ;
; Total fan-out                               ; 1177                ;
; Average fan-out                             ; 2.34                ;
+---------------------------------------------+---------------------+


+----------------------------------------------------------------------------------------------------------------------------------------------------------------------------------------------------------------------------------------------------------------------------------------------------------------------------------------------------+
; Analysis & Synthesis Resource Utilization by Entity                                                                                                                                                                                                                                                                                                ;
+------------------------------------------------+---------------------+---------------------------+-------------+------------+--------------+---------+-----------+------+--------------+------------+-----------------------------------------------------------------------------------------------------------------+-------------+--------------+
; Compilation Hierarchy Node                     ; Combinational ALUTs ; Dedicated Logic Registers ; Memory Bits ; UFM Blocks ; DSP Elements ; DSP 9x9 ; DSP 18x18 ; Pins ; Virtual Pins ; ADC blocks ; Full Hierarchy Name                                                                                             ; Entity Name ; Library Name ;
+------------------------------------------------+---------------------+---------------------------+-------------+------------+--------------+---------+-----------+------+--------------+------------+-----------------------------------------------------------------------------------------------------------------+-------------+--------------+
; |main                                          ; 308 (10)            ; 95 (0)                    ; 0           ; 0          ; 0            ; 0       ; 0         ; 48   ; 0            ; 0          ; |main                                                                                                           ; main        ; work         ;
;    |PWM:PWM|                                   ; 156 (112)           ; 40 (40)                   ; 0           ; 0          ; 0            ; 0       ; 0         ; 0    ; 0            ; 0          ; |main|PWM:PWM                                                                                                   ; PWM         ; work         ;
;       |lpm_mult:Mult0|                         ; 44 (0)              ; 0 (0)                     ; 0           ; 0          ; 0            ; 0       ; 0         ; 0    ; 0            ; 0          ; |main|PWM:PWM|lpm_mult:Mult0                                                                                    ; lpm_mult    ; work         ;
;          |multcore:mult_core|                  ; 44 (26)             ; 0 (0)                     ; 0           ; 0          ; 0            ; 0       ; 0         ; 0    ; 0            ; 0          ; |main|PWM:PWM|lpm_mult:Mult0|multcore:mult_core                                                                 ; multcore    ; work         ;
;             |mpar_add:padder|                  ; 18 (0)              ; 0 (0)                     ; 0           ; 0          ; 0            ; 0       ; 0         ; 0    ; 0            ; 0          ; |main|PWM:PWM|lpm_mult:Mult0|multcore:mult_core|mpar_add:padder                                                 ; mpar_add    ; work         ;
;                |lpm_add_sub:adder[0]|          ; 18 (0)              ; 0 (0)                     ; 0           ; 0          ; 0            ; 0       ; 0         ; 0    ; 0            ; 0          ; |main|PWM:PWM|lpm_mult:Mult0|multcore:mult_core|mpar_add:padder|lpm_add_sub:adder[0]                            ; lpm_add_sub ; work         ;
;                   |add_sub_erg:auto_generated| ; 18 (18)             ; 0 (0)                     ; 0           ; 0          ; 0            ; 0       ; 0         ; 0    ; 0            ; 0          ; |main|PWM:PWM|lpm_mult:Mult0|multcore:mult_core|mpar_add:padder|lpm_add_sub:adder[0]|add_sub_erg:auto_generated ; add_sub_erg ; work         ;
;    |Seven_seg:s0|                              ; 14 (14)             ; 0 (0)                     ; 0           ; 0          ; 0            ; 0       ; 0         ; 0    ; 0            ; 0          ; |main|Seven_seg:s0                                                                                              ; Seven_seg   ; work         ;
;    |Seven_seg:s1|                              ; 14 (14)             ; 0 (0)                     ; 0           ; 0          ; 0            ; 0       ; 0         ; 0    ; 0            ; 0          ; |main|Seven_seg:s1                                                                                              ; Seven_seg   ; work         ;
;    |UART_Rx:UART_RX|                           ; 66 (66)             ; 28 (28)                   ; 0           ; 0          ; 0            ; 0       ; 0         ; 0    ; 0            ; 0          ; |main|UART_Rx:UART_RX                                                                                           ; UART_Rx     ; work         ;
;    |UART_Tx:UART_TX|                           ; 48 (48)             ; 27 (27)                   ; 0           ; 0          ; 0            ; 0       ; 0         ; 0    ; 0            ; 0          ; |main|UART_Tx:UART_TX                                                                                           ; UART_Tx     ; work         ;
+------------------------------------------------+---------------------+---------------------------+-------------+------------+--------------+---------+-----------+------+--------------+------------+-----------------------------------------------------------------------------------------------------------------+-------------+--------------+
Note: For table entries with two numbers listed, the numbers in parentheses indicate the number of resources of the given type used by the specific entity alone. The numbers listed outside of parentheses indicate the total resources of the given type used by the specific entity and all of its sub-entities in the hierarchy.


Encoding Type:  One-Hot
+--------------------------------------------------------------------------------+
; State Machine - |main|UART_Rx:UART_RX|state                                    ;
+-------------+-------------+------------+------------+-------------+------------+
; Name        ; state.Clear ; state.Stop ; state.Data ; state.Start ; state.Idle ;
+-------------+-------------+------------+------------+-------------+------------+
; state.Idle  ; 0           ; 0          ; 0          ; 0           ; 0          ;
; state.Start ; 0           ; 0          ; 0          ; 1           ; 1          ;
; state.Data  ; 0           ; 0          ; 1          ; 0           ; 1          ;
; state.Stop  ; 0           ; 1          ; 0          ; 0           ; 1          ;
; state.Clear ; 1           ; 0          ; 0          ; 0           ; 1          ;
+-------------+-------------+------------+------------+-------------+------------+


Encoding Type:  One-Hot
+--------------------------------------------------------------------------------+
; State Machine - |main|UART_Tx:UART_TX|state                                    ;
+-------------+-------------+------------+------------+-------------+------------+
; Name        ; state.Clear ; state.Stop ; state.Data ; state.Start ; state.Idle ;
+-------------+-------------+------------+------------+-------------+------------+
; state.Idle  ; 0           ; 0          ; 0          ; 0           ; 0          ;
; state.Start ; 0           ; 0          ; 0          ; 1           ; 1          ;
; state.Data  ; 0           ; 0          ; 1          ; 0           ; 1          ;
; state.Stop  ; 0           ; 1          ; 0          ; 0           ; 1          ;
; state.Clear ; 1           ; 0          ; 0          ; 0           ; 1          ;
+-------------+-------------+------------+------------+-------------+------------+


+-----------------------------------------------------------------------------------------------------+
; User-Specified and Inferred Latches                                                                 ;
+----------------------------------------------------+-----------------------+------------------------+
; Latch Name                                         ; Latch Enable Signal   ; Free of Timing Hazards ;
+----------------------------------------------------+-----------------------+------------------------+
; r_TX_V                                             ; GND                   ; yes                    ;
; r_TX_BYTE[2]                                       ; UART_Rx:UART_RX|valid ; yes                    ;
; r_TX_BYTE[1]                                       ; UART_Rx:UART_RX|valid ; yes                    ;
; r_TX_BYTE[0]                                       ; UART_Rx:UART_RX|valid ; yes                    ;
; r_TX_BYTE[3]                                       ; UART_Rx:UART_RX|valid ; yes                    ;
; r_TX_BYTE[6]                                       ; UART_Rx:UART_RX|valid ; yes                    ;
; r_TX_BYTE[5]                                       ; UART_Rx:UART_RX|valid ; yes                    ;
; r_TX_BYTE[4]                                       ; UART_Rx:UART_RX|valid ; yes                    ;
; r_TX_BYTE[7]                                       ; UART_Rx:UART_RX|valid ; yes                    ;
; Number of user-specified and inferred latches = 9  ;                       ;                        ;
+----------------------------------------------------+-----------------------+------------------------+
Note: All latches listed above may not be present at the end of synthesis due to various synthesis optimizations.


+-------------------------------------------------------------------------------+
; Registers Removed During Synthesis                                            ;
+----------------------------------------+--------------------------------------+
; Register name                          ; Reason for Removal                   ;
+----------------------------------------+--------------------------------------+
; PWM:PWM|pwm_out[1,2]                   ; Merged with PWM:PWM|pwm_out[0]       ;
; PWM:PWM|half_duty[1][0]                ; Merged with PWM:PWM|half_duty[0][0]  ;
; PWM:PWM|half_duty[2][0]                ; Merged with PWM:PWM|half_duty[0][0]  ;
; PWM:PWM|half_duty[1][1]                ; Merged with PWM:PWM|half_duty[0][1]  ;
; PWM:PWM|half_duty[2][1]                ; Merged with PWM:PWM|half_duty[0][1]  ;
; PWM:PWM|half_duty[1][2]                ; Merged with PWM:PWM|half_duty[0][2]  ;
; PWM:PWM|half_duty[2][2]                ; Merged with PWM:PWM|half_duty[0][2]  ;
; PWM:PWM|half_duty[1][3]                ; Merged with PWM:PWM|half_duty[0][3]  ;
; PWM:PWM|half_duty[2][3]                ; Merged with PWM:PWM|half_duty[0][3]  ;
; PWM:PWM|half_duty[1][4]                ; Merged with PWM:PWM|half_duty[0][4]  ;
; PWM:PWM|half_duty[2][4]                ; Merged with PWM:PWM|half_duty[0][4]  ;
; PWM:PWM|half_duty[1][5]                ; Merged with PWM:PWM|half_duty[0][5]  ;
; PWM:PWM|half_duty[2][5]                ; Merged with PWM:PWM|half_duty[0][5]  ;
; PWM:PWM|half_duty[1][6]                ; Merged with PWM:PWM|half_duty[0][6]  ;
; PWM:PWM|half_duty[2][6]                ; Merged with PWM:PWM|half_duty[0][6]  ;
; PWM:PWM|half_duty[1][7]                ; Merged with PWM:PWM|half_duty[0][7]  ;
; PWM:PWM|half_duty[2][7]                ; Merged with PWM:PWM|half_duty[0][7]  ;
; PWM:PWM|half_duty[1][8]                ; Merged with PWM:PWM|half_duty[0][8]  ;
; PWM:PWM|half_duty[2][8]                ; Merged with PWM:PWM|half_duty[0][8]  ;
; PWM:PWM|half_duty[1][9]                ; Merged with PWM:PWM|half_duty[0][9]  ;
; PWM:PWM|half_duty[2][9]                ; Merged with PWM:PWM|half_duty[0][9]  ;
; PWM:PWM|half_duty[1][10]               ; Merged with PWM:PWM|half_duty[0][10] ;
; PWM:PWM|half_duty[2][10]               ; Merged with PWM:PWM|half_duty[0][10] ;
; PWM:PWM|half_duty[1][11]               ; Merged with PWM:PWM|half_duty[0][11] ;
; PWM:PWM|half_duty[2][11]               ; Merged with PWM:PWM|half_duty[0][11] ;
; PWM:PWM|half_duty[1][12]               ; Merged with PWM:PWM|half_duty[0][12] ;
; PWM:PWM|half_duty[2][12]               ; Merged with PWM:PWM|half_duty[0][12] ;
; PWM:PWM|half_duty[1][13]               ; Merged with PWM:PWM|half_duty[0][13] ;
; PWM:PWM|half_duty[2][13]               ; Merged with PWM:PWM|half_duty[0][13] ;
; PWM:PWM|half_duty[1][14]               ; Merged with PWM:PWM|half_duty[0][14] ;
; PWM:PWM|half_duty[2][14]               ; Merged with PWM:PWM|half_duty[0][14] ;
; PWM:PWM|half_duty[1][15]               ; Merged with PWM:PWM|half_duty[0][15] ;
; PWM:PWM|half_duty[2][15]               ; Merged with PWM:PWM|half_duty[0][15] ;
; PWM:PWM|half_duty[1][16]               ; Merged with PWM:PWM|half_duty[0][16] ;
; PWM:PWM|half_duty[2][16]               ; Merged with PWM:PWM|half_duty[0][16] ;
; PWM:PWM|half_duty[1][17]               ; Merged with PWM:PWM|half_duty[0][17] ;
; PWM:PWM|half_duty[2][17]               ; Merged with PWM:PWM|half_duty[0][17] ;
; PWM:PWM|half_duty[1][18]               ; Merged with PWM:PWM|half_duty[0][18] ;
; PWM:PWM|half_duty[2][18]               ; Merged with PWM:PWM|half_duty[0][18] ;
; Total Number of Removed Registers = 40 ;                                      ;
+----------------------------------------+--------------------------------------+


+------------------------------------------------------+
; General Register Statistics                          ;
+----------------------------------------------+-------+
; Statistic                                    ; Value ;
+----------------------------------------------+-------+
; Total registers                              ; 95    ;
; Number of registers using Synchronous Clear  ; 0     ;
; Number of registers using Synchronous Load   ; 0     ;
; Number of registers using Asynchronous Clear ; 0     ;
; Number of registers using Asynchronous Load  ; 0     ;
; Number of registers using Clock Enable       ; 8     ;
; Number of registers using Preset             ; 0     ;
+----------------------------------------------+-------+


+--------------------------------------------------------------------------------------------------------------------------------------------------+
; Multiplexer Restructuring Statistics (No Restructuring Performed)                                                                                ;
+--------------------+-----------+---------------+----------------------+------------------------+------------+------------------------------------+
; Multiplexer Inputs ; Bus Width ; Baseline Area ; Area if Restructured ; Saving if Restructured ; Registered ; Example Multiplexer Output         ;
+--------------------+-----------+---------------+----------------------+------------------------+------------+------------------------------------+
; 4:1                ; 9 bits    ; 18 LEs        ; 9 LEs                ; 9 LEs                  ; Yes        ; |main|UART_Tx:UART_TX|clk_Count[0] ;
; 7:1                ; 9 bits    ; 36 LEs        ; 9 LEs                ; 27 LEs                 ; Yes        ; |main|UART_Rx:UART_RX|clk_Count[2] ;
; 3:1                ; 3 bits    ; 6 LEs         ; 6 LEs                ; 0 LEs                  ; No         ; |main|UART_Rx:UART_RX|index        ;
; 3:1                ; 3 bits    ; 6 LEs         ; 6 LEs                ; 0 LEs                  ; No         ; |main|UART_Tx:UART_TX|index        ;
+--------------------+-----------+---------------+----------------------+------------------------+------------+------------------------------------+


+--------------------------------------------------------------+
; Parameter Settings for User Entity Instance: UART_Tx:UART_TX ;
+----------------+----------+----------------------------------+
; Parameter Name ; Value    ; Type                             ;
+----------------+----------+----------------------------------+
; freq           ; 50000000 ; Signed Integer                   ;
; baudrate       ; 115200   ; Signed Integer                   ;
+----------------+----------+----------------------------------+
Note: In order to hide this table in the UI and the text report file, please set the "Show Parameter Settings in Synthesis Report" option in "Analysis and Synthesis Settings -> More Settings" to "Off".


+--------------------------------------------------------------+
; Parameter Settings for User Entity Instance: UART_Rx:UART_RX ;
+----------------+----------+----------------------------------+
; Parameter Name ; Value    ; Type                             ;
+----------------+----------+----------------------------------+
; freq           ; 50000000 ; Signed Integer                   ;
; baudrate       ; 115200   ; Signed Integer                   ;
+----------------+----------+----------------------------------+
Note: In order to hide this table in the UI and the text report file, please set the "Show Parameter Settings in Synthesis Report" option in "Analysis and Synthesis Settings -> More Settings" to "Off".


+------------------------------------------------------+
; Parameter Settings for User Entity Instance: PWM:PWM ;
+-----------------+----------+-------------------------+
; Parameter Name  ; Value    ; Type                    ;
+-----------------+----------+-------------------------+
; freq            ; 50000000 ; Signed Integer          ;
; pwm_freq        ; 50       ; Signed Integer          ;
; bits_resolution ; 8        ; Signed Integer          ;
; phases          ; 3        ; Signed Integer          ;
+-----------------+----------+-------------------------+
Note: In order to hide this table in the UI and the text report file, please set the "Show Parameter Settings in Synthesis Report" option in "Analysis and Synthesis Settings -> More Settings" to "Off".


+---------------------------------------------------------------------------------+
; Parameter Settings for Inferred Entity Instance: PWM:PWM|lpm_mult:Mult0         ;
+------------------------------------------------+----------+---------------------+
; Parameter Name                                 ; Value    ; Type                ;
+------------------------------------------------+----------+---------------------+
; AUTO_CARRY_CHAINS                              ; ON       ; AUTO_CARRY          ;
; IGNORE_CARRY_BUFFERS                           ; OFF      ; IGNORE_CARRY        ;
; AUTO_CASCADE_CHAINS                            ; ON       ; AUTO_CASCADE        ;
; IGNORE_CASCADE_BUFFERS                         ; OFF      ; IGNORE_CASCADE      ;
; LPM_WIDTHA                                     ; 8        ; Untyped             ;
; LPM_WIDTHB                                     ; 20       ; Untyped             ;
; LPM_WIDTHP                                     ; 28       ; Untyped             ;
; LPM_WIDTHR                                     ; 28       ; Untyped             ;
; LPM_WIDTHS                                     ; 1        ; Untyped             ;
; LPM_REPRESENTATION                             ; UNSIGNED ; Untyped             ;
; LPM_PIPELINE                                   ; 0        ; Untyped             ;
; LATENCY                                        ; 0        ; Untyped             ;
; INPUT_A_IS_CONSTANT                            ; NO       ; Untyped             ;
; INPUT_B_IS_CONSTANT                            ; YES      ; Untyped             ;
; USE_EAB                                        ; OFF      ; Untyped             ;
; MAXIMIZE_SPEED                                 ; 5        ; Untyped             ;
; DEVICE_FAMILY                                  ; MAX 10   ; Untyped             ;
; CARRY_CHAIN                                    ; MANUAL   ; Untyped             ;
; APEX20K_TECHNOLOGY_MAPPER                      ; LUT      ; TECH_MAPPER_APEX20K ;
; DEDICATED_MULTIPLIER_CIRCUITRY                 ; AUTO     ; Untyped             ;
; DEDICATED_MULTIPLIER_MIN_INPUT_WIDTH_FOR_AUTO  ; 0        ; Untyped             ;
; DEDICATED_MULTIPLIER_MIN_OUTPUT_WIDTH_FOR_AUTO ; 0        ; Untyped             ;
; CBXI_PARAMETER                                 ; NOTHING  ; Untyped             ;
; INPUT_A_FIXED_VALUE                            ; Bx       ; Untyped             ;
; INPUT_B_FIXED_VALUE                            ; Bx       ; Untyped             ;
; USE_AHDL_IMPLEMENTATION                        ; OFF      ; Untyped             ;
+------------------------------------------------+----------+---------------------+
Note: In order to hide this table in the UI and the text report file, please set the "Show Parameter Settings in Synthesis Report" option in "Analysis and Synthesis Settings -> More Settings" to "Off".


+----------------------------------------------------------------+
; lpm_mult Parameter Settings by Entity Instance                 ;
+---------------------------------------+------------------------+
; Name                                  ; Value                  ;
+---------------------------------------+------------------------+
; Number of entity instances            ; 1                      ;
; Entity Instance                       ; PWM:PWM|lpm_mult:Mult0 ;
;     -- LPM_WIDTHA                     ; 8                      ;
;     -- LPM_WIDTHB                     ; 20                     ;
;     -- LPM_WIDTHP                     ; 28                     ;
;     -- LPM_REPRESENTATION             ; UNSIGNED               ;
;     -- INPUT_A_IS_CONSTANT            ; NO                     ;
;     -- INPUT_B_IS_CONSTANT            ; YES                    ;
;     -- USE_EAB                        ; OFF                    ;
;     -- DEDICATED_MULTIPLIER_CIRCUITRY ; AUTO                   ;
;     -- INPUT_A_FIXED_VALUE            ; Bx                     ;
;     -- INPUT_B_FIXED_VALUE            ; Bx                     ;
+---------------------------------------+------------------------+


+----------------------------------------+
; Port Connectivity Checks: "PWM:PWM"    ;
+------+-------+----------+--------------+
; Port ; Type  ; Severity ; Details      ;
+------+-------+----------+--------------+
; rst  ; Input ; Info     ; Stuck at GND ;
; ena  ; Input ; Info     ; Stuck at VCC ;
+------+-------+----------+--------------+


+---------------------------------------------+
; Port Connectivity Checks: "UART_Rx:UART_RX" ;
+------+-------+----------+-------------------+
; Port ; Type  ; Severity ; Details           ;
+------+-------+----------+-------------------+
; rst  ; Input ; Info     ; Stuck at GND      ;
+------+-------+----------+-------------------+


+---------------------------------------------------------------------------------------------------------------------+
; Port Connectivity Checks: "UART_Tx:UART_TX"                                                                         ;
+-----------+--------+----------+-------------------------------------------------------------------------------------+
; Port      ; Type   ; Severity ; Details                                                                             ;
+-----------+--------+----------+-------------------------------------------------------------------------------------+
; rst       ; Input  ; Info     ; Stuck at GND                                                                        ;
; tx_active ; Output ; Info     ; Connected to dangling logic. Logic that only feeds a dangling port will be removed. ;
+-----------+--------+----------+-------------------------------------------------------------------------------------+


+-----------------------------------------------------+
; Post-Synthesis Netlist Statistics for Top Partition ;
+-----------------------+-----------------------------+
; Type                  ; Count                       ;
+-----------------------+-----------------------------+
; boundary_port         ; 48                          ;
; cycloneiii_ff         ; 95                          ;
;     ENA               ; 8                           ;
;     plain             ; 87                          ;
; cycloneiii_io_obuf    ; 5                           ;
; cycloneiii_lcell_comb ; 311                         ;
;     arith             ; 125                         ;
;         2 data inputs ; 73                          ;
;         3 data inputs ; 52                          ;
;     normal            ; 186                         ;
;         0 data inputs ; 2                           ;
;         1 data inputs ; 7                           ;
;         2 data inputs ; 38                          ;
;         3 data inputs ; 31                          ;
;         4 data inputs ; 108                         ;
;                       ;                             ;
; Max LUT depth         ; 5.00                        ;
; Average LUT depth     ; 3.56                        ;
+-----------------------+-----------------------------+


+-------------------------------+
; Elapsed Time Per Partition    ;
+----------------+--------------+
; Partition Name ; Elapsed Time ;
+----------------+--------------+
; Top            ; 00:00:04     ;
+----------------+--------------+


+-------------------------------+
; Analysis & Synthesis Messages ;
+-------------------------------+
Info: *******************************************************************
Info: Running Quartus Prime Analysis & Synthesis
    Info: Version 18.1.0 Build 625 09/12/2018 SJ Lite Edition
    Info: Processing started: Mon Jun 10 19:32:14 2019
Info: Command: quartus_map --read_settings_files=on --write_settings_files=off FPGA-Servo -c FPGA-Servo
Info (16303): Aggressive Performance optimization mode selected -- timing performance will be prioritized at the potential cost of increased logic area and compilation time
    Info (16304): Mode behavior is affected by advanced setting Fitter Effort (default for this mode is Standard Fit)
Warning (18236): Number of processors has not been specified which may cause overloading on shared machines.  Set the global assignment NUM_PARALLEL_PROCESSORS in your QSF to an appropriate value for best performance.
Info (20030): Parallel compilation is enabled and will use 2 of the 2 processors detected
Info (12021): Found 2 design units, including 1 entities, in source file src/pwm.vhd
    Info (12022): Found design unit 1: PWM-rtl File: C:/Users/vm/Desktop/FPGA-Servo/src/pwm.vhd Line: 21
    Info (12023): Found entity 1: PWM File: C:/Users/vm/Desktop/FPGA-Servo/src/pwm.vhd Line: 5
Info (12021): Found 2 design units, including 1 entities, in source file src/main.vhd
    Info (12022): Found design unit 1: main-rtl File: C:/Users/vm/Desktop/FPGA-Servo/src/main.vhd Line: 19
    Info (12023): Found entity 1: main File: C:/Users/vm/Desktop/FPGA-Servo/src/main.vhd Line: 5
Info (12021): Found 2 design units, including 1 entities, in source file src/uart_tx.vhd
    Info (12022): Found design unit 1: UART_Tx-rtl File: C:/Users/vm/Desktop/FPGA-Servo/src/uart_tx.vhd Line: 23
    Info (12023): Found entity 1: UART_Tx File: C:/Users/vm/Desktop/FPGA-Servo/src/uart_tx.vhd Line: 5
Info (12021): Found 2 design units, including 1 entities, in source file src/uart_rx.vhd
    Info (12022): Found design unit 1: UART_Rx-rtl File: C:/Users/vm/Desktop/FPGA-Servo/src/uart_rx.vhd Line: 19
    Info (12023): Found entity 1: UART_Rx File: C:/Users/vm/Desktop/FPGA-Servo/src/uart_rx.vhd Line: 5
Info (12021): Found 2 design units, including 1 entities, in source file src/seven_seg.vhd
    Info (12022): Found design unit 1: Seven_seg-rtl File: C:/Users/vm/Desktop/FPGA-Servo/src/seven_seg.vhd Line: 12
    Info (12023): Found entity 1: Seven_seg File: C:/Users/vm/Desktop/FPGA-Servo/src/seven_seg.vhd Line: 6
Info (12021): Found 2 design units, including 1 entities, in source file src/clock.vhd
    Info (12022): Found design unit 1: Clock-rtl File: C:/Users/vm/Desktop/FPGA-Servo/src/clock.vhd Line: 17
    Info (12023): Found entity 1: Clock File: C:/Users/vm/Desktop/FPGA-Servo/src/clock.vhd Line: 5
Info (12127): Elaborating entity "main" for the top level hierarchy
Warning (10541): VHDL Signal Declaration warning at main.vhd(13): used implicit default value for signal "HEX2" because signal was never assigned a value or an explicit default value. Use of implicit default value may introduce unintended design optimizations. File: C:/Users/vm/Desktop/FPGA-Servo/src/main.vhd Line: 13
Warning (10541): VHDL Signal Declaration warning at main.vhd(14): used implicit default value for signal "HEX3" because signal was never assigned a value or an explicit default value. Use of implicit default value may introduce unintended design optimizations. File: C:/Users/vm/Desktop/FPGA-Servo/src/main.vhd Line: 14
Warning (10541): VHDL Signal Declaration warning at main.vhd(15): used implicit default value for signal "LEDR" because signal was never assigned a value or an explicit default value. Use of implicit default value may introduce unintended design optimizations. File: C:/Users/vm/Desktop/FPGA-Servo/src/main.vhd Line: 15
Warning (10492): VHDL Process Statement warning at main.vhd(95): signal "w_RX_BYTE" is read inside the Process Statement but isn't in the Process Statement's sensitivity list File: C:/Users/vm/Desktop/FPGA-Servo/src/main.vhd Line: 95
Warning (10631): VHDL Process Statement warning at main.vhd(91): inferring latch(es) for signal or variable "r_TX_BYTE", which holds its previous value in one or more paths through the process File: C:/Users/vm/Desktop/FPGA-Servo/src/main.vhd Line: 91
Warning (10631): VHDL Process Statement warning at main.vhd(91): inferring latch(es) for signal or variable "r_TX_V", which holds its previous value in one or more paths through the process File: C:/Users/vm/Desktop/FPGA-Servo/src/main.vhd Line: 91
Info (10041): Inferred latch for "r_TX_V" at main.vhd(91) File: C:/Users/vm/Desktop/FPGA-Servo/src/main.vhd Line: 91
Info (10041): Inferred latch for "r_TX_BYTE[0]" at main.vhd(91) File: C:/Users/vm/Desktop/FPGA-Servo/src/main.vhd Line: 91
Info (10041): Inferred latch for "r_TX_BYTE[1]" at main.vhd(91) File: C:/Users/vm/Desktop/FPGA-Servo/src/main.vhd Line: 91
Info (10041): Inferred latch for "r_TX_BYTE[2]" at main.vhd(91) File: C:/Users/vm/Desktop/FPGA-Servo/src/main.vhd Line: 91
Info (10041): Inferred latch for "r_TX_BYTE[3]" at main.vhd(91) File: C:/Users/vm/Desktop/FPGA-Servo/src/main.vhd Line: 91
Info (10041): Inferred latch for "r_TX_BYTE[4]" at main.vhd(91) File: C:/Users/vm/Desktop/FPGA-Servo/src/main.vhd Line: 91
Info (10041): Inferred latch for "r_TX_BYTE[5]" at main.vhd(91) File: C:/Users/vm/Desktop/FPGA-Servo/src/main.vhd Line: 91
Info (10041): Inferred latch for "r_TX_BYTE[6]" at main.vhd(91) File: C:/Users/vm/Desktop/FPGA-Servo/src/main.vhd Line: 91
Info (10041): Inferred latch for "r_TX_BYTE[7]" at main.vhd(91) File: C:/Users/vm/Desktop/FPGA-Servo/src/main.vhd Line: 91
Info (12128): Elaborating entity "UART_Tx" for hierarchy "UART_Tx:UART_TX" File: C:/Users/vm/Desktop/FPGA-Servo/src/main.vhd Line: 37
Info (12128): Elaborating entity "UART_Rx" for hierarchy "UART_Rx:UART_RX" File: C:/Users/vm/Desktop/FPGA-Servo/src/main.vhd Line: 53
Info (12128): Elaborating entity "PWM" for hierarchy "PWM:PWM" File: C:/Users/vm/Desktop/FPGA-Servo/src/main.vhd Line: 66
Info (12128): Elaborating entity "Seven_seg" for hierarchy "Seven_seg:s0" File: C:/Users/vm/Desktop/FPGA-Servo/src/main.vhd Line: 86
Info (278001): Inferred 1 megafunctions from design logic
    Info (278003): Inferred multiplier megafunction ("lpm_mult") from the following logic: "PWM:PWM|Mult0" File: C:/Users/vm/Desktop/FPGA-Servo/src/pwm.vhd Line: 40
Info (12130): Elaborated megafunction instantiation "PWM:PWM|lpm_mult:Mult0" File: C:/Users/vm/Desktop/FPGA-Servo/src/pwm.vhd Line: 40
Info (12133): Instantiated megafunction "PWM:PWM|lpm_mult:Mult0" with the following parameter: File: C:/Users/vm/Desktop/FPGA-Servo/src/pwm.vhd Line: 40
    Info (12134): Parameter "LPM_WIDTHA" = "8"
    Info (12134): Parameter "LPM_WIDTHB" = "20"
    Info (12134): Parameter "LPM_WIDTHP" = "28"
    Info (12134): Parameter "LPM_WIDTHR" = "28"
    Info (12134): Parameter "LPM_WIDTHS" = "1"
    Info (12134): Parameter "LPM_REPRESENTATION" = "UNSIGNED"
    Info (12134): Parameter "INPUT_A_IS_CONSTANT" = "NO"
    Info (12134): Parameter "INPUT_B_IS_CONSTANT" = "YES"
    Info (12134): Parameter "MAXIMIZE_SPEED" = "5"
Info (12131): Elaborated megafunction instantiation "PWM:PWM|lpm_mult:Mult0|multcore:mult_core", which is child of megafunction instantiation "PWM:PWM|lpm_mult:Mult0" File: c:/intelfpga_lite/18.1/quartus/libraries/megafunctions/lpm_mult.tdf Line: 308
Info (12131): Elaborated megafunction instantiation "PWM:PWM|lpm_mult:Mult0|multcore:mult_core|mpar_add:padder", which is child of megafunction instantiation "PWM:PWM|lpm_mult:Mult0" File: c:/intelfpga_lite/18.1/quartus/libraries/megafunctions/multcore.tdf Line: 228
Info (12131): Elaborated megafunction instantiation "PWM:PWM|lpm_mult:Mult0|multcore:mult_core|mpar_add:padder|lpm_add_sub:adder[0]", which is child of megafunction instantiation "PWM:PWM|lpm_mult:Mult0" File: c:/intelfpga_lite/18.1/quartus/libraries/megafunctions/mpar_add.tdf Line: 78
Info (12021): Found 1 design units, including 1 entities, in source file db/add_sub_erg.tdf
    Info (12023): Found entity 1: add_sub_erg File: C:/Users/vm/Desktop/FPGA-Servo/db/add_sub_erg.tdf Line: 22
Info (12131): Elaborated megafunction instantiation "PWM:PWM|lpm_mult:Mult0|altshift:external_latency_ffs", which is child of megafunction instantiation "PWM:PWM|lpm_mult:Mult0" File: c:/intelfpga_lite/18.1/quartus/libraries/megafunctions/lpm_mult.tdf Line: 351
Warning (13034): The following nodes have both tri-state and non-tri-state drivers
    Warning (13035): Inserted always-enabled tri-state buffer between "GPIO[1]" and its non-tri-state driver. File: C:/Users/vm/Desktop/FPGA-Servo/src/main.vhd Line: 9
    Warning (13035): Inserted always-enabled tri-state buffer between "GPIO[2]" and its non-tri-state driver. File: C:/Users/vm/Desktop/FPGA-Servo/src/main.vhd Line: 9
    Warning (13035): Inserted always-enabled tri-state buffer between "GPIO[3]" and its non-tri-state driver. File: C:/Users/vm/Desktop/FPGA-Servo/src/main.vhd Line: 9
    Warning (13035): Inserted always-enabled tri-state buffer between "GPIO[4]" and its non-tri-state driver. File: C:/Users/vm/Desktop/FPGA-Servo/src/main.vhd Line: 9
Warning (13039): The following bidirectional pins have no drivers
    Warning (13040): bidirectional pin "GPIO[0]" has no driver File: C:/Users/vm/Desktop/FPGA-Servo/src/main.vhd Line: 9
Warning (13009): TRI or OPNDRN buffers permanently enabled
    Warning (13010): Node "GPIO[1]~synth" File: C:/Users/vm/Desktop/FPGA-Servo/src/main.vhd Line: 9
    Warning (13010): Node "GPIO[2]~synth" File: C:/Users/vm/Desktop/FPGA-Servo/src/main.vhd Line: 9
    Warning (13010): Node "GPIO[3]~synth" File: C:/Users/vm/Desktop/FPGA-Servo/src/main.vhd Line: 9
    Warning (13010): Node "GPIO[4]~synth" File: C:/Users/vm/Desktop/FPGA-Servo/src/main.vhd Line: 9
Warning (13024): Output pins are stuck at VCC or GND
    Warning (13410): Pin "HEX2[6]" is stuck at GND File: C:/Users/vm/Desktop/FPGA-Servo/src/main.vhd Line: 13
    Warning (13410): Pin "HEX2[5]" is stuck at GND File: C:/Users/vm/Desktop/FPGA-Servo/src/main.vhd Line: 13
    Warning (13410): Pin "HEX2[4]" is stuck at GND File: C:/Users/vm/Desktop/FPGA-Servo/src/main.vhd Line: 13
    Warning (13410): Pin "HEX2[3]" is stuck at GND File: C:/Users/vm/Desktop/FPGA-Servo/src/main.vhd Line: 13
    Warning (13410): Pin "HEX2[2]" is stuck at GND File: C:/Users/vm/Desktop/FPGA-Servo/src/main.vhd Line: 13
    Warning (13410): Pin "HEX2[1]" is stuck at GND File: C:/Users/vm/Desktop/FPGA-Servo/src/main.vhd Line: 13
    Warning (13410): Pin "HEX2[0]" is stuck at GND File: C:/Users/vm/Desktop/FPGA-Servo/src/main.vhd Line: 13
    Warning (13410): Pin "HEX3[6]" is stuck at GND File: C:/Users/vm/Desktop/FPGA-Servo/src/main.vhd Line: 14
    Warning (13410): Pin "HEX3[5]" is stuck at GND File: C:/Users/vm/Desktop/FPGA-Servo/src/main.vhd Line: 14
    Warning (13410): Pin "HEX3[4]" is stuck at GND File: C:/Users/vm/Desktop/FPGA-Servo/src/main.vhd Line: 14
    Warning (13410): Pin "HEX3[3]" is stuck at GND File: C:/Users/vm/Desktop/FPGA-Servo/src/main.vhd Line: 14
    Warning (13410): Pin "HEX3[2]" is stuck at GND File: C:/Users/vm/Desktop/FPGA-Servo/src/main.vhd Line: 14
    Warning (13410): Pin "HEX3[1]" is stuck at GND File: C:/Users/vm/Desktop/FPGA-Servo/src/main.vhd Line: 14
    Warning (13410): Pin "HEX3[0]" is stuck at GND File: C:/Users/vm/Desktop/FPGA-Servo/src/main.vhd Line: 14
    Warning (13410): Pin "LEDR[0]" is stuck at GND File: C:/Users/vm/Desktop/FPGA-Servo/src/main.vhd Line: 15
    Warning (13410): Pin "LEDR[1]" is stuck at GND File: C:/Users/vm/Desktop/FPGA-Servo/src/main.vhd Line: 15
Info (286030): Timing-Driven Synthesis is running
Info (128000): Starting physical synthesis optimizations for speed
Warning (335093): The Timing Analyzer is analyzing 9 combinational loops as latches. For more details, run the Check Timing command in the Timing Analyzer or view the "User-Specified and Inferred Latches" table in the Analysis & Synthesis report.
Critical Warning (332012): Synopsys Design Constraints File file not found: 'FPGA-Servo.sdc'. A Synopsys Design Constraints File is required by the Timing Analyzer to get proper timing constraints. Without it, the Compiler will not properly optimize the design.
Info (332144): No user constrained base clocks found in the design
Info (332143): No user constrained clock uncertainty found in the design. Calling "derive_clock_uncertainty"
Info (332123): Deriving Clock Uncertainty. Please refer to report_sdc in the Timing Analyzer to see clock uncertainties.
Info (332130): Timing requirements not specified -- quality metrics such as performance may be sacrificed to reduce compilation time.
Info (128002): Starting physical synthesis algorithm register retiming
Info (128003): Physical synthesis algorithm register retiming complete: estimated slack improvement of 0 ps
Info (128002): Starting physical synthesis algorithm combinational resynthesis using boolean division
Info (128003): Physical synthesis algorithm combinational resynthesis using boolean division complete: estimated slack improvement of 0 ps
Info (128001): Physical synthesis optimizations for speed complete: elapsed time is 00:00:02
Info (16010): Generating hard_block partition "hard_block:auto_generated_inst"
    Info (16011): Adding 0 node(s), including 0 DDIO, 0 PLL, 0 transceiver and 0 LCELL
Warning (21074): Design contains 3 input pin(s) that do not drive logic
    Warning (15610): No output dependent on input pin "KEY[0]" File: C:/Users/vm/Desktop/FPGA-Servo/src/main.vhd Line: 8
    Warning (15610): No output dependent on input pin "KEY[1]" File: C:/Users/vm/Desktop/FPGA-Servo/src/main.vhd Line: 8
    Warning (15610): No output dependent on input pin "SW[8]" File: C:/Users/vm/Desktop/FPGA-Servo/src/main.vhd Line: 10
Info (21057): Implemented 368 device resources after synthesis - the final resource count might be different
    Info (21058): Implemented 13 input pins
    Info (21059): Implemented 30 output pins
    Info (21060): Implemented 5 bidirectional pins
    Info (21061): Implemented 320 logic cells
Info: Quartus Prime Analysis & Synthesis was successful. 0 errors, 42 warnings
    Info: Peak virtual memory: 4887 megabytes
    Info: Processing ended: Mon Jun 10 19:32:45 2019
    Info: Elapsed time: 00:00:31
    Info: Total CPU time (on all processors): 00:00:41


